[13/06/24 18:44:16] "【P3】22可视化UI设计.flv" | /mnt/study/IT/Lang/c++/Qt/【P3】22可视化UI设计.flv
[14/06/24 15:19:10] "【P4】23代码化UI设计.flv" | /mnt/study/IT/Lang/c++/Qt/【P4】23代码化UI设计.flv
[14/06/24 17:48:09] "【P5】212数列的极限2.flv" | /mnt/study/Math/高数/【P5】212数列的极限2.flv
[14/06/24 17:48:40] "【P12】242函数的极限2.flv" | /mnt/study/Math/高数/【P12】242函数的极限2.flv
[14/06/24 23:49:39] "02.第一讲.mp4" | /mnt/study/KY/姜晓千）/660/01.2023高等数学/02.第一讲.mp4
flv
[15/06/24 11:50:03] "【P5】24混合方式UI设计.flv" | /mnt/study/IT/Lang/c++/Qt/【P5】24混合方式UI设计.flv
[15/06/24 15:05:59] "【P1】01加速吧!灰姑娘(上)_高清.mp4" | /run/media/edward/Black-Ops-III/video/动漫/猪猪侠/猪猪侠第五部/【P1】01加速吧!灰姑娘(上)_高清.mp4
[15/06/24 15:18:25] "【P2】02加速吧!灰姑娘(下)_高清.mp4" | /run/media/edward/Black-Ops-III/video/动漫/猪猪侠/猪猪侠第五部/【P2】02加速吧!灰姑娘(下)_高清.mp4
[15/06/24 22:58:24] "【P4】04月夜兔!月圆之夜的恶魔(下)_高清.mp4" | /run/media/edward/Black-Ops-III/video/动漫/猪猪侠/猪猪侠第五部/【P4】04月夜兔!月圆之夜的恶魔(下)_高清.mp4
[15/06/24 22:59:00] "【P42】42小聪明!小裁缝自食其果(下)_高清.mp4" | /run/media/edward/Black-Ops-III/video/动漫/猪猪侠/猪猪侠第五部/【P42】42小聪明!小裁缝自食其果(下)_高清.mp4
[15/06/24 23:00:29] "【P1】Let.mp4" | /run/media/edward/Black-Ops-III/video/bilibili/【P1】Let.mp4
[16/06/24 16:11:02] "【P1】序章_x2_new.mp4" | /run/media/edward/Black-Ops-III/video/PWN/【P1】序章_x2_new.mp4
[16/06/24 21:30:23] "【P1】1、PWN环境配置.mp4" | /run/media/edward/Black-Ops-III/video/NTUSTISC - CTF Pwn从入门到进阶/星盟安全PWN/【P1】1、PWN环境配置.mp4
[17/06/24 00:51:51] "【P5】5、装载与汇编.mp4" | /run/media/edward/Black-Ops-III/video/NTUSTISC - CTF Pwn从入门到进阶/星盟安全PWN/【P5】5、装载与汇编.mp4
[17/06/24 12:38:02] "1.3_2_中断和异常.mp4" | /mnt/study/KY/王道/02.考点精讲【23新版】/04.操作系统/01.第一章计算机系统概述/1.3_2_中断和异常.mp4
[18/06/24 00:00:01] "1.1_2_操作系统的特征.mp4" | /mnt/study/KY/王道/02.考点精讲【23新版】/04.操作系统/01.第一章计算机系统概述/1.1_2_操作系统的特征.mp4
[20/06/24 09:29:30] "【P14】14win32反汇编5.flv" | /mnt/study/IT/逆向/【P14】14win32反汇编5.flv
[20/06/24 09:29:41] "【P15】15win32反汇编6.flv" | /mnt/study/IT/逆向/【P15】15win32反汇编6.flv
[20/06/24 12:54:14] "【P1】op.mp4" | /run/media/edward/Black-Ops-III/video/动漫/超兽武装/【P1】op.mp4
[20/06/24 12:55:01] "【P2】平行宇宙11.mp4" | /run/media/edward/Black-Ops-III/video/动漫/超兽武装/【P2】平行宇宙11.mp4
[20/06/24 12:55:54] "【P3】12.mp4" | /run/media/edward/Black-Ops-III/video/动漫/超兽武装/【P3】12.mp4
[20/06/24 12:56:01] "【P6】22.mp4" | /run/media/edward/Black-Ops-III/video/动漫/超兽武装/【P6】22.mp4
[20/06/24 12:56:07] "【P8】狮王超兽31.mp4" | /run/media/edward/Black-Ops-III/video/动漫/超兽武装/【P8】狮王超兽31.mp4
[20/06/24 12:56:11] "【P10】33.mp4" | /run/media/edward/Black-Ops-III/video/动漫/超兽武装/【P10】33.mp4
[20/06/24 12:56:18] "【P13】43.mp4" | /run/media/edward/Black-Ops-III/video/动漫/超兽武装/【P13】43.mp4
[20/06/24 13:01:19] "【P16】53.mp4" | /run/media/edward/Black-Ops-III/video/动漫/超兽武装/【P16】53.mp4
[20/06/24 13:06:16] "【P18】62.mp4" | /run/media/edward/Black-Ops-III/video/动漫/超兽武装/【P18】62.mp4
[20/06/24 13:06:32] "【P19】63.mp4" | /run/media/edward/Black-Ops-III/video/动漫/超兽武装/【P19】63.mp4
[20/06/24 13:13:05] "【P20】第二平行宇宙71.mp4" | /run/media/edward/Black-Ops-III/video/动漫/超兽武装/【P20】第二平行宇宙71.mp4
[20/06/24 13:19:17] "【P21】72.mp4" | /run/media/edward/Black-Ops-III/video/动漫/超兽武装/【P21】72.mp4
[20/06/24 13:26:49] "【P22】73.mp4" | /run/media/edward/Black-Ops-III/video/动漫/超兽武装/【P22】73.mp4
[20/06/24 13:31:22] "【P23】蝎王超兽81.mp4" | /run/media/edward/Black-Ops-III/video/动漫/超兽武装/【P23】蝎王超兽81.mp4
[20/06/24 13:38:00] "【P24】82.mp4" | /run/media/edward/Black-Ops-III/video/动漫/超兽武装/【P24】82.mp4
[20/06/24 13:45:50] "【P25】83.mp4" | /run/media/edward/Black-Ops-III/video/动漫/超兽武装/【P25】83.mp4
[20/06/24 13:50:58] "【P26】热血交融91.mp4" | /run/media/edward/Black-Ops-III/video/动漫/超兽武装/【P26】热血交融91.mp4
[20/06/24 13:55:30] "【P27】92.mp4" | /run/media/edward/Black-Ops-III/video/动漫/超兽武装/【P27】92.mp4
[20/06/24 14:01:12] "【P28】93.mp4" | /run/media/edward/Black-Ops-III/video/动漫/超兽武装/【P28】93.mp4
[20/06/24 14:06:31] "【P29】往事如烟101.mp4" | /run/media/edward/Black-Ops-III/video/动漫/超兽武装/【P29】往事如烟101.mp4
[20/06/24 14:10:51] "【P30】102.mp4" | /run/media/edward/Black-Ops-III/video/动漫/超兽武装/【P30】102.mp4
[20/06/24 14:15:16] "【P31】103.mp4" | /run/media/edward/Black-Ops-III/video/动漫/超兽武装/【P31】103.mp4
[22/06/24 10:20:26] "【P1】001-简介.mp4" | /run/media/edward/Black-Ops-III/video/逆向/crackME/【P1】001-简介.mp4
[22/06/24 17:21:56] "01.5-PythonSdk和pycharm在ubuntu中安装和.mp4" | /run/media/edward/Black-Ops-III/video/我的资源/11、pythoncc++联合/第1章课程介绍和环境准备/01.5-PythonSdk和pycharm在ubuntu中安装和.mp4
[22/06/24 17:23:19] "01.1-PythonSDK在windows中的安装和配置.mp4" | /run/media/edward/Black-Ops-III/video/我的资源/11、pythoncc++联合/第1章课程介绍和环境准备/01.1-PythonSDK在windows中的安装和配置.mp4
[22/06/24 17:25:57] "渗透测试穷举篇02NAT环境下的12server2dns服务器的配置.mp4" | /run/media/edward/Black-Ops-III/video/暗月/2022完整版修订/暗月全栈渗透视频课程/渗透测试10 穷举篇/渗透测试穷举篇02NAT环境下的12server2dns服务器的配置.mp4
[22/06/24 21:10:20] "10.12WEB安全第六章提权篇zendnc提权.mp4" | /run/media/edward/Black-Ops-III/video/暗月/2022完整版修订/暗月web安全红队视频/10.12WEB安全第六章提权篇zendnc提权.mp4
[22/06/24 21:10:24] "10.10WEB安全第六章提权篇winserver2008R2溢出提权.mp4" | /run/media/edward/Black-Ops-III/video/暗月/2022完整版修订/暗月web安全红队视频/10.10WEB安全第六章提权篇winserver2008R2溢出提权.mp4
[22/06/24 21:10:28] "10.11WEB安全第六章提权篇lpk劫持提权.mp4" | /run/media/edward/Black-Ops-III/video/暗月/2022完整版修订/暗月web安全红队视频/10.11WEB安全第六章提权篇lpk劫持提权.mp4
[22/06/24 23:06:12] "1 appium简介.mp4" | /home/edward/Videos/爬虫/10 appium/1 appium简介.mp4
[22/06/24 23:06:22] "3 常用数据解析方法.mp4" | /home/edward/Videos/爬虫/3 数据提取/3 常用数据解析方法.mp4
[22/06/24 23:32:50] "3 appium环境联调测试.mp4" | /home/edward/Videos/爬虫/10 appium/3 appium环境联调测试.mp4
[23/06/24 00:05:48] "2 splash-使用.mp4" | /home/edward/Videos/爬虫/9 scrapy其他/2 splash-使用.mp4
[23/06/24 00:07:11] "3 scrapy-日志信息.mp4" | /home/edward/Videos/爬虫/9 scrapy其他/3 scrapy-日志信息.mp4
[23/06/24 00:07:14] "9 京东爬虫-图书价格.mp4" | /home/edward/Videos/爬虫/8 scrapy-redis/9 京东爬虫-图书价格.mp4
[23/06/24 00:08:04] "8 京东爬虫-图书列表页面.mp4" | /home/edward/Videos/爬虫/8 scrapy-redis/8 京东爬虫-图书列表页面.mp4
[23/06/24 00:08:38] "7 京东爬虫-图书分类页面.mp4" | /home/edward/Videos/爬虫/8 scrapy-redis/7 京东爬虫-图书分类页面.mp4
[23/06/24 00:08:44] "5 scrapy配置-其他配置.mp4" | /home/edward/Videos/爬虫/9 scrapy其他/5 scrapy配置-其他配置.mp4
[23/06/24 00:08:46] "7 使用Gerapy进行爬虫管理.mp4" | /home/edward/Videos/爬虫/9 scrapy其他/7 使用Gerapy进行爬虫管理.mp4
[23/06/24 00:08:56] "6 使用scrapyd进行爬虫部署.mp4" | /home/edward/Videos/爬虫/9 scrapy其他/6 使用scrapyd进行爬虫部署.mp4
[23/06/24 11:21:43] "2015-06-03(ShellCode_远程线程注入)_.avi" | /run/media/edward/Black-Ops-III/video/逆向/滴水和NCK以及内核/NCK+滴水+高级版/海哥滴水基础/滴水逆向培训-第三期/第六月/2015-06-03(ShellCode_远程线程注入)_.avi
[23/06/24 11:21:43] "2015-06-09(Win32 IAT HOOK)_.avi" | /run/media/edward/Black-Ops-III/video/逆向/滴水和NCK以及内核/NCK+滴水+高级版/海哥滴水基础/滴水逆向培训-第三期/第六月/2015-06-09(Win32 IAT HOOK)_.avi
[23/06/24 11:21:44] "2015-06-11(项目说明).avi" | /run/media/edward/Black-Ops-III/video/逆向/滴水和NCK以及内核/NCK+滴水+高级版/海哥滴水基础/滴水逆向培训-第三期/第六月/2015-06-11(项目说明).avi
[23/06/24 11:21:55] "2015-06-19(硬编码_05)_.avi" | /run/media/edward/Black-Ops-III/video/逆向/滴水和NCK以及内核/NCK+滴水+高级版/海哥滴水基础/滴水逆向培训-第三期/第六月/2015-06-19(硬编码_05)_.avi
[23/06/24 11:21:56] "2015-06-18(硬编码_04)_.avi" | /run/media/edward/Black-Ops-III/video/逆向/滴水和NCK以及内核/NCK+滴水+高级版/海哥滴水基础/滴水逆向培训-第三期/第六月/2015-06-18(硬编码_04)_.avi
[23/06/24 11:25:20] "如何用 Emacs 做所有事.mp4" | /run/media/edward/Black-Ops-III/video/linux/如何用 Emacs 做所有事.mp4
[23/06/24 11:25:22] "11-21天学会Emacs：第11天使用org mode写博客.mp4" | /run/media/edward/Black-Ops-III/video/linux/合集_2023-12-21_21天学会Emacs 2022年版本/11-21天学会Emacs：第11天使用org mode写博客.mp4
[23/06/24 11:25:28] "1-00-课程导学.mp4" | /run/media/edward/Black-Ops-III/video/linux/分集_2023-12-21_[合集·完结] Emacs高手修炼手册/1-00-课程导学.mp4
[23/06/24 11:25:30] "1-01.课程简介.mp4" | /run/media/edward/Black-Ops-III/video/linux/分集_2023-12-21_【GeekHour】30分钟Docker入门教程/1-01.课程简介.mp4
[23/06/24 11:25:31] "3-03.Docker和虚拟机的区别.mp4" | /run/media/edward/Black-Ops-III/video/linux/分集_2023-12-21_【GeekHour】30分钟Docker入门教程/3-03.Docker和虚拟机的区别.mp4
[23/06/24 11:25:34] "12-课时7 容易被忽视的DHCP协议.mp4" | /run/media/edward/Black-Ops-III/video/linux/分集_2023-12-21_Wireshark零基础入门到实战网络抓包流量分析必备/12-课时7 容易被忽视的DHCP协议.mp4
[23/06/24 11:25:34] "15-课时10  为安全而生的HTTPS协议.mp4" | /run/media/edward/Black-Ops-III/video/linux/分集_2023-12-21_Wireshark零基础入门到实战网络抓包流量分析必备/15-课时10  为安全而生的HTTPS协议.mp4
[23/06/24 11:25:35] "18-课时13 Linux中的NFS协议解析.mp4" | /run/media/edward/Black-Ops-III/video/linux/分集_2023-12-21_Wireshark零基础入门到实战网络抓包流量分析必备/18-课时13 Linux中的NFS协议解析.mp4
[23/06/24 11:25:35] "1-课时1 认识Wireshark的界面.mp4" | /run/media/edward/Black-Ops-III/video/linux/分集_2023-12-21_Wireshark零基础入门到实战网络抓包流量分析必备/1-课时1 认识Wireshark的界面.mp4
[23/06/24 11:25:55] "【P1】elf文件格式解析.mp4" | /run/media/edward/Black-Ops-III/video/【P1】elf文件格式解析.mp4
[23/06/24 11:26:21] "$R0W702Z.mp4" | /run/media/edward/Black-Ops-III/$RECYCLE.BIN/S-1-5-21-1083358518-3592194692-1826627790-1001/$R0W702Z.mp4
[23/06/24 11:26:34] "$R5NV311.mp4" | /run/media/edward/Black-Ops-III/$RECYCLE.BIN/S-1-5-21-1083358518-3592194692-1826627790-1001/$R5NV311.mp4
[23/06/24 20:50:18] "【P4】4、CPU与进程的执行.mp4" | /run/media/edward/Black-Ops-III/video/NTUSTISC - CTF Pwn从入门到进阶/星盟安全PWN/【P4】4、CPU与进程的执行.mp4
[23/06/24 20:52:13] "【P5】玄武大师21.mp4" | /run/media/edward/Black-Ops-III/video/动漫/超兽武装/【P5】玄武大师21.mp4
[23/06/24 20:52:31] "【P32】超兽神二合体111.mp4" | /run/media/edward/Black-Ops-III/video/动漫/超兽武装/【P32】超兽神二合体111.mp4
[23/06/24 20:52:34] "【P33】112.mp4" | /run/media/edward/Black-Ops-III/video/动漫/超兽武装/【P33】112.mp4
[23/06/24 21:00:30] "【P34】113.mp4" | /run/media/edward/Black-Ops-III/video/动漫/超兽武装/【P34】113.mp4
[23/06/24 21:09:40] "【P35】第三平行宇宙121.mp4" | /run/media/edward/Black-Ops-III/video/动漫/超兽武装/【P35】第三平行宇宙121.mp4
[23/06/24 21:16:32] "【P36】122.mp4" | /run/media/edward/Black-Ops-III/video/动漫/超兽武装/【P36】122.mp4
[23/06/24 21:23:44] "【P38】奔雷诀131.mp4" | /run/media/edward/Black-Ops-III/video/动漫/超兽武装/【P38】奔雷诀131.mp4
[23/06/24 21:30:25] "【P39】132.mp4" | /run/media/edward/Black-Ops-III/video/动漫/超兽武装/【P39】132.mp4
[23/06/24 21:36:24] "【P40】133.mp4" | /run/media/edward/Black-Ops-III/video/动漫/超兽武装/【P40】133.mp4
[23/06/24 21:41:54] "【P41】鲸鲨超兽141.mp4" | /run/media/edward/Black-Ops-III/video/动漫/超兽武装/【P41】鲸鲨超兽141.mp4
[23/06/24 21:46:11] "【P43】143.mp4" | /run/media/edward/Black-Ops-III/video/动漫/超兽武装/【P43】143.mp4
[23/06/24 21:52:56] "【P44】凤凰重生151.mp4" | /run/media/edward/Black-Ops-III/video/动漫/超兽武装/【P44】凤凰重生151.mp4
[23/06/24 21:56:03] "【P45】152.mp4" | /run/media/edward/Black-Ops-III/video/动漫/超兽武装/【P45】152.mp4
[24/06/24 07:37:58] "【P1】111实数集.flv" | /mnt/study/Math/高数/【P1】111实数集.flv
[24/06/24 08:21:25] "02.第4讲 一元函数微分学的概念02.mp4" | /mnt/study/KY/03.2023启航数学高端VIP（张宇 高昆仑）（含国庆密训）/（张宇30讲）/01.高数/04.高数第4讲/02.第4讲 一元函数微分学的概念02.mp4
[24/06/24 08:21:52] "03.第4讲 一元函数微分学的概念03.mp4" | /mnt/study/KY/03.2023启航数学高端VIP（张宇 高昆仑）（含国庆密训）/（张宇30讲）/01.高数/04.高数第4讲/03.第4讲 一元函数微分学的概念03.mp4
[24/06/24 08:24:01] "04.第4讲 一元函数微分学的概念04.mp4" | /mnt/study/KY/03.2023启航数学高端VIP（张宇 高昆仑）（含国庆密训）/（张宇30讲）/01.高数/04.高数第4讲/04.第4讲 一元函数微分学的概念04.mp4
[24/06/24 09:41:43] "【P22】321微分.flv" | /mnt/study/Math/高数/【P22】321微分.flv
[24/06/24 10:55:14] "【P23】331导数与微分的运算法则1.flv" | /mnt/study/Math/高数/【P23】331导数与微分的运算法则1.flv
[24/06/24 15:51:38] "04.第1讲   函数的概念 02.mp4" | /mnt/study/KY/03.2023启航数学高端VIP（张宇 高昆仑）（含国庆密训）/（张宇30讲）/01.高数/01.高数第1讲/04.第1讲   函数的概念 02.mp4
[24/06/24 18:35:44] "【P24】332导数与微分的运算法则2.flv" | /mnt/study/Math/高数/【P24】332导数与微分的运算法则2.flv
[25/06/24 09:12:20] "【P10】232数列极限存在的判别法2.flv" | /mnt/study/Math/高数/【P10】232数列极限存在的判别法2.flv
[25/06/24 18:07:29] "【P29】412微分中值定理2.flv" | /mnt/study/Math/高数/【P29】412微分中值定理2.flv
[25/06/24 18:23:07] "【P30】413微分中值定理3.flv" | /mnt/study/Math/高数/【P30】413微分中值定理3.flv
[25/06/24 22:05:45] "【P31】421洛必达法则1.flv" | /mnt/study/Math/高数/【P31】421洛必达法则1.flv
[25/06/24 23:46:50] "【P33】431泰勒公式及其应用1.flv" | /mnt/study/Math/高数/【P33】431泰勒公式及其应用1.flv
[26/06/24 00:29:42] "【P34】432泰勒公式及其应用2.flv" | /mnt/study/Math/高数/【P34】432泰勒公式及其应用2.flv
[26/06/24 00:48:39] "【P35】433泰勒公式及其应用3.flv" | /mnt/study/Math/高数/【P35】433泰勒公式及其应用3.flv
[26/06/24 01:46:54] "【P36】441利用导数研究函数性态1.flv" | /mnt/study/Math/高数/【P36】441利用导数研究函数性态1.flv
[26/06/24 02:00:55] "【P37】442利用导数研究函数性态2.flv" | /mnt/study/Math/高数/【P37】442利用导数研究函数性态2.flv
[26/06/24 02:20:29] "【P39】444利用导数研究函数性态4.flv" | /mnt/study/Math/高数/【P39】444利用导数研究函数性态4.flv
[26/06/24 02:28:01] "【P40】445利用导数研究函数性态5.flv" | /mnt/study/Math/高数/【P40】445利用导数研究函数性态5.flv
[26/06/24 02:28:29] "【P41】446利用导数研究函数性态6.flv" | /mnt/study/Math/高数/【P41】446利用导数研究函数性态6.flv
[27/06/24 15:54:46] "【P48】532微积分基本定理2.flv" | /mnt/study/Math/高数/【P48】532微积分基本定理2.flv
[27/06/24 15:55:09] "【P43】461方程的近似解.flv" | /mnt/study/Math/高数/【P43】461方程的近似解.flv
[27/06/24 15:55:16] "【P44】511定积分的概念1.flv" | /mnt/study/Math/高数/【P44】511定积分的概念1.flv
[27/06/24 15:56:32] "【P45】512定积分的概念2.flv" | /mnt/study/Math/高数/【P45】512定积分的概念2.flv
[27/06/24 17:55:23] "【P46】521定积分的性质.flv" | /mnt/study/Math/高数/【P46】521定积分的性质.flv
[27/06/24 23:55:39] "【P47】531微积分基本定理1.flv" | /mnt/study/Math/高数/【P47】531微积分基本定理1.flv
[29/06/24 10:57:34] "【P49】541不定积分1.flv" | /mnt/study/Math/高数/【P49】541不定积分1.flv
[01/07/24 16:51:18] "【P52】544不定积分4.flv" | /mnt/study/Math/高数/【P52】544不定积分4.flv
[01/07/24 16:51:27] "【P53】545不定积分5.flv" | /mnt/study/Math/高数/【P53】545不定积分5.flv
[01/07/24 20:33:20] "【P55】547不定积分7.flv" | /mnt/study/Math/高数/【P55】547不定积分7.flv
[01/07/24 23:45:14] "08.第8讲换元法、分部积分法、有理函数的积分08.mp4" | /mnt/study/KY/03.2023启航数学高端VIP（张宇 高昆仑）（含国庆密训）/（张宇30讲）/01.高数/08.高数第8讲/08.第8讲换元法、分部积分法、有理函数的积分08.mp4
[02/07/24 20:10:35] "【P58】553定积分的计算3.flv" | /mnt/study/Math/高数/【P58】553定积分的计算3.flv
[02/07/24 20:39:46] "【P59】554定积分的计算4.flv" | /mnt/study/Math/高数/【P59】554定积分的计算4.flv
[03/07/24 16:30:15] "【P27】362高阶导数2.flv" | /mnt/study/Math/高数/【P27】362高阶导数2.flv
[03/07/24 16:37:25] "【P25】341隐函数与参数方程求导法.flv" | /mnt/study/Math/高数/【P25】341隐函数与参数方程求导法.flv
[03/07/24 16:41:20] "【P26】361高阶导数1.flv" | /mnt/study/Math/高数/【P26】361高阶导数1.flv
[04/07/24 07:45:23] "【P64】563定积分的应用3.flv" | /mnt/study/Math/高数/【P64】563定积分的应用3.flv
[04/07/24 07:45:36] "【P65】564定积分的应用4.flv" | /mnt/study/Math/高数/【P65】564定积分的应用4.flv
[04/07/24 07:51:52] "【P66】565定积分的应用5.flv" | /mnt/study/Math/高数/【P66】565定积分的应用5.flv
[04/07/24 09:17:08] "【P71】573反常积分3.flv" | /mnt/study/Math/高数/【P71】573反常积分3.flv
[04/07/24 09:20:38] "【P70】572反常积分2.flv" | /mnt/study/Math/高数/【P70】572反常积分2.flv
[04/07/24 09:20:40] "【P69】571反常积分1.flv" | /mnt/study/Math/高数/【P69】571反常积分1.flv
[04/07/24 09:21:45] "【P67】566定积分的应用6.flv" | /mnt/study/Math/高数/【P67】566定积分的应用6.flv
[04/07/24 09:24:18] "【P68】567定积分的应用7.flv" | /mnt/study/Math/高数/【P68】567定积分的应用7.flv
[04/07/24 15:18:28] "【P3】303乘法和逆矩阵.flv" | /mnt/study/Math/线代/【P3】303乘法和逆矩阵.flv
[04/07/24 16:53:46] "【P5】505转置置换向量空间.flv" | /mnt/study/Math/线代/【P5】505转置置换向量空间.flv
[04/07/24 17:47:05] "【P6】606列空间和零空间.flv" | /mnt/study/Math/线代/【P6】606列空间和零空间.flv
[05/07/24 17:16:58] "【P11】1111矩阵空间秩1矩阵小世界图.flv" | /mnt/study/Math/线代/【P11】1111矩阵空间秩1矩阵小世界图.flv
[05/07/24 17:17:02] "【P12】1212图和网络.flv" | /mnt/study/Math/线代/【P12】1212图和网络.flv
[05/07/24 17:53:33] "【P13】1313复习一.flv" | /mnt/study/Math/线代/【P13】1313复习一.flv
[08/07/24 11:19:11] "【P20】2020克拉默法则逆矩阵体积.flv" | /mnt/study/Math/线代/【P20】2020克拉默法则逆矩阵体积.flv
[08/07/24 12:14:12] "【P22】2222对角化A的幂.flv" | /mnt/study/Math/线代/【P22】2222对角化A的幂.flv
[08/07/24 12:17:10] "【P23】2323微分方程exp(At).flv" | /mnt/study/Math/线代/【P23】2323微分方程exp(At).flv
[08/07/24 12:17:12] "【P25】2525复习二.flv" | /mnt/study/Math/线代/【P25】2525复习二.flv
[08/07/24 14:14:19] "【P27】2727复数矩阵快速傅里叶变换.flv" | /mnt/study/Math/线代/【P27】2727复数矩阵快速傅里叶变换.flv
[08/07/24 16:57:02] "【P28】2828正定矩阵最小值.flv" | /mnt/study/Math/线代/【P28】2828正定矩阵最小值.flv
[10/07/24 01:17:01] "【P29】2929相似矩阵若尔当形.flv" | /mnt/study/Math/线代/【P29】2929相似矩阵若尔当形.flv
[10/07/24 01:23:47] "【P30】3030奇异值分解.flv" | /mnt/study/Math/线代/【P30】3030奇异值分解.flv
[11/07/24 01:09:23] "6-1.5 事件的独立性.mp4" | /run/media/edward/AE/video/数学/概率论/缪柏其/【数学】概率论与数理统计 中科大 缪柏其主讲多集/6-1.5 事件的独立性.mp4
[11/07/24 09:38:48] "7-2.1 随机变量的概念.mp4" | /mnt/video/数学/概率论/缪柏其/【数学】概率论与数理统计 中科大 缪柏其主讲多集/7-2.1 随机变量的概念.mp4
[11/07/24 17:35:25] "8-2.2 离散型随机变量.mp4" | /mnt/video/数学/概率论/缪柏其/【数学】概率论与数理统计 中科大 缪柏其主讲多集/8-2.2 离散型随机变量.mp4
[12/07/24 11:07:40] "【P54】546不定积分6.flv" | /mnt/study/Math/高数/【P54】546不定积分6.flv
[12/07/24 15:06:27] "【P73】612微分方程的基本概念1.flv" | /mnt/study/Math/高数/【P73】612微分方程的基本概念1.flv
[12/07/24 16:44:50] "【P74】621一阶微分方程1.flv" | /mnt/study/Math/高数/【P74】621一阶微分方程1.flv
[12/07/24 22:05:20] "【P77】624一阶微分方程02.flv" | /mnt/study/Math/高数/【P77】624一阶微分方程02.flv
[13/07/24 00:53:05] "【P85】645线性微分方程解的结构03.flv" | /mnt/study/Math/高数/【P85】645线性微分方程解的结构03.flv
[13/07/24 10:09:27] "【P80】632某些可降阶的高阶微分方程1.flv" | /mnt/study/Math/高数/【P80】632某些可降阶的高阶微分方程1.flv
[13/07/24 10:09:45] "【P83】643线性微分方程解的结构01.flv" | /mnt/study/Math/高数/【P83】643线性微分方程解的结构01.flv
[13/07/24 11:48:54] "【P82】642线性微分方程解的结构2.flv" | /mnt/study/Math/高数/【P82】642线性微分方程解的结构2.flv
[13/07/24 15:57:33] "【P86】651常系数线性微分方程1.flv" | /mnt/study/Math/高数/【P86】651常系数线性微分方程1.flv
[14/07/24 09:31:39] "【P93】658常系数线性微分方程03.flv" | /mnt/study/Math/高数/【P93】658常系数线性微分方程03.flv
[14/07/24 11:08:08] "【P95】6510常系数线性微分方程05.flv" | /mnt/study/Math/高数/【P95】6510常系数线性微分方程05.flv
[14/07/24 13:11:20] "06-以太网帧格式---以ARP协议为例讲解以太网帧格式_.avi" | /mnt/study/IT/Lang/c++/黑马32/07-linux/07-3-Linux网络编程/LinuxNetworkDay01/视频/06-以太网帧格式---以ARP协议为例讲解以太网帧格式_.avi
[14/07/24 13:11:35] "07-IP协议_UDP协议_TCP协议_.avi" | /mnt/study/IT/Lang/c++/黑马32/07-linux/07-3-Linux网络编程/LinuxNetworkDay01/视频/07-IP协议_UDP协议_TCP协议_.avi
[14/07/24 13:49:31] "11-socketAPI函数介绍_.avi" | /mnt/study/IT/Lang/c++/黑马32/07-linux/07-3-Linux网络编程/LinuxNetworkDay01/视频/11-socketAPI函数介绍_.avi
[14/07/24 13:53:52] "12-socketAPI编程流程图介绍_.avi" | /mnt/study/IT/Lang/c++/黑马32/07-linux/07-3-Linux网络编程/LinuxNetworkDay01/视频/12-socketAPI编程流程图介绍_.avi
[14/07/24 14:48:46] "16-客户端代码案例_.avi" | /mnt/study/IT/Lang/c++/黑马32/07-linux/07-3-Linux网络编程/LinuxNetworkDay01/视频/16-客户端代码案例_.avi
[14/07/24 15:06:31] "17-测试服务端和客户端通信_.avi" | /mnt/study/IT/Lang/c++/黑马32/07-linux/07-3-Linux网络编程/LinuxNetworkDay01/视频/17-测试服务端和客户端通信_.avi
[15/07/24 09:10:40] "【P99】721向量及其线性运算1.flv" | /mnt/study/Math/高数/【P99】721向量及其线性运算1.flv
[15/07/24 09:10:43] "【P100】722向量及其线性运算2.flv" | /mnt/study/Math/高数/【P100】722向量及其线性运算2.flv
[15/07/24 16:13:34] "【P101】731向量的数量积和向量积1.flv" | /mnt/study/Math/高数/【P101】731向量的数量积和向量积1.flv
[15/07/24 16:13:34] "【P102】732向量的数量积和向量积2.flv" | /mnt/study/Math/高数/【P102】732向量的数量积和向量积2.flv
[15/07/24 16:13:34] "【P103】733向量的数量积和向量积3.flv" | /mnt/study/Math/高数/【P103】733向量的数量积和向量积3.flv
[15/07/24 16:13:35] "【P104】741空间的平面和直线1.flv" | /mnt/study/Math/高数/【P104】741空间的平面和直线1.flv
[15/07/24 18:14:21] "【P107】744空间的平面和直线4.flv" | /mnt/study/Math/高数/【P107】744空间的平面和直线4.flv
[15/07/24 22:59:19] "02.第11讲基本概念02.mp4" | /mnt/study/KY/03.2023启航数学高端VIP（张宇 高昆仑）（含国庆密训）/（张宇30讲）/01.高数/11.高数第11讲/02.第11讲基本概念02.mp4
[16/07/24 00:29:48] "【P111】812多元函数的基本概念2.flv" | /mnt/study/Math/高数/【P111】812多元函数的基本概念2.flv
[16/07/24 10:01:58] "【P112】821多元函数的极限与连续性1.flv" | /mnt/study/Math/高数/【P112】821多元函数的极限与连续性1.flv
[16/07/24 10:25:45] "【P113】822多元函数的极限与连续性2.flv" | /mnt/study/Math/高数/【P113】822多元函数的极限与连续性2.flv
[16/07/24 17:07:23] "【P117】841全微分及其应用.flv" | /mnt/study/Math/高数/【P117】841全微分及其应用.flv
[16/07/24 18:33:03] "【P119】852多元复合函数的微分法2.flv" | /mnt/study/Math/高数/【P119】852多元复合函数的微分法2.flv
[17/07/24 01:08:55] "【P123】871多元微分学在几何中的应用.flv" | /mnt/study/Math/高数/【P123】871多元微分学在几何中的应用.flv
[17/07/24 11:21:13] "【P124】881二元泰勒公式与多元函数的极值1.flv" | /mnt/study/Math/高数/【P124】881二元泰勒公式与多元函数的极值1.flv
[17/07/24 11:21:36] "【P125】882二元泰勒公式与多元函数的极值2.flv" | /mnt/study/Math/高数/【P125】882二元泰勒公式与多元函数的极值2.flv
[17/07/24 11:22:03] "【P126】883二元泰勒公式与多元函数的极值3.flv" | /mnt/study/Math/高数/【P126】883二元泰勒公式与多元函数的极值3.flv
[22/07/24 13:34:39] "成为你本来有能力成为的人" | https://www.bilibili.com/video/BV1iy411q7td/?spm_id_from=333.1007.top_right_bar_window_history.content.click
[22/07/24 13:36:22] "只有那些非常罕见、非常强大的人才会害怕幸福" | https://www.bilibili.com/video/BV1Kz421h7ip/?spm_id_from=333.788.recommend_more_video.0
[22/07/24 13:39:15] "【官方双语/合集】线性代数的本质 - 系列合集 p13 09 - 基变换" | https://www.bilibili.com/video/BV1ys411472E/?p=13
[22/07/24 13:40:04] "【生化全系列深度编年史09】 1998年9月26日至28日" | https://www.bilibili.com/video/BV1jq4y1x7Yv/?spm_id_from=333.788.top_right_bar_window_history.content.click
[22/07/24 13:50:30] "生化危机8村庄到底讲了个什么故事？魅影之前先来个前情提要吧【D9蒙太奇】" | https://www.bilibili.com/video/BV1sK411U7tH/?spm_id_from=333.788.recommend_more_video.14
[22/07/24 15:20:35] "EllaFreya - 碍事梨如何过情人节" | https://www.bilibili.com/video/BV1f24y1w76c/?spm_id_from=333.788.recommend_more_video.3
[22/07/24 15:23:36] "【生化危机8：村庄UP独家专访】母神米兰达真人脸模VILLAGE萝丝魅影黄金DLCMother Miranda蒂米斯特雷库夫人SafeNestBIOHAZARD" | https://www.bilibili.com/video/BV1mB4y1K7xp/?spm_id_from=333.788.recommend_more_video.5
[22/07/24 18:14:38] "1623169575-1-100047.m4s?e=ig8euxZM2rNcNbdlhoNvNC8BqJIzNbfqXBvEqxTEto8BTrNvN0GvT90W5JZMkX_YN0MvXg8gNEV4NC8xNEV4N03eN0B5tZlqNxTEto8BTrNvNeZVuJ10Kj_g2UB02J0mN0B5tZlqNCNEto8BTrNvNC7MTX502C8f2jmMQJ6mqF2fka1mqx6gqj0eN0B599M=&uipk=5&nbs=1&deadline=1721650456&gen=playurlv2&os=cosbv&oi=0&trid=bff219ad99cf4f76b49a68ed9ec446e7u&mid=0&platform=pc&og=cos&upsig=093cd45786c380a6f7962a71e926978e&uparams=e,uipk,nbs,deadline,gen,os,oi,trid,mid,platform,og&bvc=vod&nettype=0&orderid=0,3&buvid=&build=0&f=u_0_0&agrr=1&bw=37706&logo=80000000" | https://upos-sz-mirrorcos.bilivideo.com/upgcxcode/75/95/1623169575/1623169575-1-100047.m4s?e=ig8euxZM2rNcNbdlhoNvNC8BqJIzNbfqXBvEqxTEto8BTrNvN0GvT90W5JZMkX_YN0MvXg8gNEV4NC8xNEV4N03eN0B5tZlqNxTEto8BTrNvNeZVuJ10Kj_g2UB02J0mN0B5tZlqNCNEto8BTrNvNC7MTX502C8f2jmMQJ6mqF2fka1mqx6gqj0eN0B599M=&uipk=5&nbs=1&deadline=1721650456&gen=playurlv2&os=cosbv&oi=0&trid=bff219ad99cf4f76b49a68ed9ec446e7u&mid=0&platform=pc&og=cos&upsig=093cd45786c380a6f7962a71e926978e&uparams=e,uipk,nbs,deadline,gen,os,oi,trid,mid,platform,og&bvc=vod&nettype=0&orderid=0,3&buvid=&build=0&f=u_0_0&agrr=1&bw=37706&logo=80000000
[22/07/24 18:48:47] "1 怪兽操控者，是什么？" | https://www.bilibili.com/bangumi/play/ep399496
[23/07/24 21:02:45] "突发：拜登退选 民主党呼吁全力支持哈里斯" | https://www.bilibili.com/video/BV1vE421F7Dh/?spm_id_from=333.1007.top_right_bar_window_history.content.click
[24/07/24 16:31:25] "熟肉)多元微积分1.13，多元函数，变换，二维映二维变换——3Blue1Brown Grant Sanderson，搬自可汗学院。 【自制中文字幕】" | https://www.bilibili.com/video/BV1c7411C7Um/?spm_id_from=pageDriver
[24/07/24 16:44:31] "熟肉)多元微积分 part11合集，线性变换和雅克比矩阵 —— 3Blue1Brown Grant Sanderson讲授，译自可汗学院。 p03 11.3 什么是雅可比矩阵" | https://www.bilibili.com/video/BV1zq4y1o7hR/?p=3
[24/07/24 17:10:26] "【ロクデナシ/Rokudenashi】愛が灯る -The Flame of Love- / 为爱点灯" | https://www.bilibili.com/video/BV1ty421a7Qw/?spm_id_from=333.337.search-card.all.click
[24/07/24 18:46:28] "【P131】923二重积分的计算3.flv" | /mnt/study/Math/高数/【P131】923二重积分的计算3.flv
[25/07/24 01:25:21] "【P132】924二重积分的计算4.flv" | /mnt/study/Math/高数/【P132】924二重积分的计算4.flv
[26/07/24 01:30:17] "【P140】942重积分的应用2.flv" | /mnt/study/Math/高数/【P140】942重积分的应用2.flv
[28/07/24 18:50:41] "09-循环创建n个子进程_.avi" | /mnt/study/IT/Lang/c++/黑马32/07-linux/07-2-Linux系统编程/LinuxSysDay05/视频/09-循环创建n个子进程_.avi
[28/07/24 19:01:41] "11-ps和kill命令的使用_.avi" | /mnt/study/IT/Lang/c++/黑马32/07-linux/07-2-Linux系统编程/LinuxSysDay05/视频/11-ps和kill命令的使用_.avi
[28/07/24 23:19:00] "16-子进程回收-waitpid函数介绍和使用_.avi" | /mnt/study/IT/Lang/c++/黑马32/07-linux/07-2-Linux系统编程/LinuxSysDay05/视频/16-子进程回收-waitpid函数介绍和使用_.avi
[01/08/24 18:34:12] "【P148】1025第二类曲线积分和第二类曲面积分5.flv" | /mnt/study/Math/高数/【P148】1025第二类曲线积分和第二类曲面积分5.flv
[02/08/24 18:33:41] "【P154】1036格林公式及其应用6.flv" | /mnt/study/Math/高数/【P154】1036格林公式及其应用6.flv
[02/08/24 18:35:08] "【P145】1022第二类曲线积分和第二类曲面积分2.flv" | /mnt/study/Math/高数/【P145】1022第二类曲线积分和第二类曲面积分2.flv
[02/08/24 23:08:12] "【P147】1024第二类曲线积分和第二类曲面积分4.flv" | /mnt/study/Math/高数/【P147】1024第二类曲线积分和第二类曲面积分4.flv
[03/08/24 18:44:35] "【P158】1111数项级数的概念和基本性质.flv" | /mnt/study/Math/高数/【P158】1111数项级数的概念和基本性质.flv
[04/08/24 09:09:17] "【P159】1121正项级数及其敛散性的判别法1.flv" | /mnt/study/Math/高数/【P159】1121正项级数及其敛散性的判别法1.flv
[04/08/24 10:17:26] "【P161】1123正项级数及其敛散性的判别法3.flv" | /mnt/study/Math/高数/【P161】1123正项级数及其敛散性的判别法3.flv
[04/08/24 23:28:59] "【P163】1141函数项级数及其敛散性.flv" | /mnt/study/Math/高数/【P163】1141函数项级数及其敛散性.flv
[05/08/24 15:50:26] "【P165】1152幂级数2.flv" | /mnt/study/Math/高数/【P165】1152幂级数2.flv
[05/08/24 17:07:20] "【P166】1153幂级数3.flv" | /mnt/study/Math/高数/【P166】1153幂级数3.flv
[05/08/24 19:35:56] "【萌新向实况】CDDA大灾变 与吸血鬼一起的末世之旅 (5倍怪+尸潮+市中心开局) p05 废都篇 4 - 逃离城市" | https://www.bilibili.com/video/BV1k5411N7Ei/?p=5
[06/08/24 16:32:38] "17-使用SIGCHLD信号完成对子进程的回收细节补充_.avi" | /home/edward/Desktop/linux C/LinuxSysDay07/视频/17-使用SIGCHLD信号完成对子进程的回收细节补充_.avi
[06/08/24 16:35:34] "01-内容回顾_.avi" | /home/edward/Desktop/linux C/LinuxSysDay07/视频/01-内容回顾_.avi
[06/08/24 16:48:14] "19-使用信号完成两个进程交替数数_.avi" | /home/edward/Desktop/linux C/LinuxSysDay07/视频/19-使用信号完成两个进程交替数数_.avi
[07/08/24 02:40:21] "1.1.1基本概念和术语.mp4" | /mnt/study/KY/王道/02.考点精讲【23新版】/01.数据结构/01.第一章-绪论/1.1.1基本概念和术语.mp4
[11/08/24 08:01:11] "【P111】111_932堆排序.flv" | /mnt/study/IT/CS 四大件/数据结构 陈越/【P111】111_932堆排序.flv
[11/08/24 09:52:00] "【P6】6_122什么是好的算法.flv" | /mnt/study/IT/CS 四大件/数据结构 陈越/【P6】6_122什么是好的算法.flv
[11/08/24 21:29:28] "【P10】10_133应用实例-算法4.flv" | /mnt/study/IT/CS 四大件/数据结构 陈越/【P10】10_133应用实例-算法4.flv
[12/08/24 19:26:40] "【P1】1_111关于数据组织-例_图书摆放.flv" | /mnt/study/IT/CS 四大件/数据结构 陈越/【P1】1_111关于数据组织-例_图书摆放.flv
[12/08/24 19:26:49] "【P11】11_“中国高校计算机大赛-团体程序设计天梯赛”酷炫视频.flv" | /mnt/study/IT/CS 四大件/数据结构 陈越/【P11】11_“中国高校计算机大赛-团体程序设计天梯赛”酷炫视频.flv
[13/08/24 01:58:16] "2.1线性表的定义和基本操作.mp4" | /mnt/study/KY/王道/02.考点精讲【23新版】/01.数据结构/02.第二章-线性表/2.1线性表的定义和基本操作.mp4
[13/08/24 11:06:39] "【P17】17_216广义表与多重链表.flv" | /mnt/study/IT/CS 四大件/数据结构 陈越/【P17】17_216广义表与多重链表.flv
[14/08/24 17:33:06] "【P100】100_812Kruskal算法.flv" | /mnt/study/IT/CS 四大件/数据结构 陈越/【P100】100_812Kruskal算法.flv
[15/08/24 11:15:52] "第01周a--前言.mp4" | /mnt/study/IT/CS 四大件/分集_2024-08-14_数据结构与算法基础（青岛大学-王卓）/第01周a--前言.mp4
[15/08/24 11:15:53] "第01周c--1.2基本概念和术语1.mp4" | /mnt/study/IT/CS 四大件/分集_2024-08-14_数据结构与算法基础（青岛大学-王卓）/第01周c--1.2基本概念和术语1.mp4
[15/08/24 11:15:59] "第01周g--1.4算法与算法分析2.mp4" | /mnt/study/IT/CS 四大件/分集_2024-08-14_数据结构与算法基础（青岛大学-王卓）/第01周g--1.4算法与算法分析2.mp4
[16/08/24 00:16:15] "第06周01--第4章串、数组和广义表1-4.1串的定义.mp4" | /mnt/study/IT/CS 四大件/分集_2024-08-14_数据结构与算法基础（青岛大学-王卓）/第06周01--第4章串、数组和广义表1-4.1串的定义.mp4
[16/08/24 09:35:25] "3.2_4双端队列.mp4" | /mnt/study/KY/王道/02.考点精讲【23新版】/01.数据结构/03.第三章-栈、队列和数组/3.2_4双端队列.mp4
[16/08/24 10:29:13] "3.3_2栈在表达式求值中的应用(上).mp4" | /mnt/study/KY/王道/02.考点精讲【23新版】/01.数据结构/03.第三章-栈、队列和数组/3.3_2栈在表达式求值中的应用(上).mp4
[16/08/24 10:45:14] "3.3_4栈在递归中的应用.mp4" | /mnt/study/KY/王道/02.考点精讲【23新版】/01.数据结构/03.第三章-栈、队列和数组/3.3_4栈在递归中的应用.mp4
[16/08/24 10:50:30] "3.1_1栈的基本概念.mp4" | /mnt/study/KY/王道/02.考点精讲【23新版】/01.数据结构/03.第三章-栈、队列和数组/3.1_1栈的基本概念.mp4
[17/08/24 15:36:22] "【P1】第01集桃园结义.mp4" | /run/media/edward/Black-Ops-III/video/休闲/Q版刘关张/【P1】第01集桃园结义.mp4
[18/08/24 11:10:37] "赐我（DJ串烧热播） - 一只白羊" | /home/edward/Downloads/Telegram Desktop/赐我_DJ串烧热播_一只白羊_孙露_DJ串烧热歌推荐.mp3
[18/08/24 11:20:10] "fish in the pool・花屋敷" | /home/edward/Downloads/Telegram Desktop/fish_in_the_pool_花屋敷_ヘクとパスカル_fish_in_the_pool.mp3
[18/08/24 11:36:37] "风恋歌" | /home/edward/Downloads/Telegram Desktop/风恋歌-恋恋故人难 芝麻Mochi-风恋歌.mp3
[18/08/24 11:42:32] "4.1_1串的定义和基本操作.mp4" | /mnt/study/KY/王道/02.考点精讲【23新版】/01.数据结构/04.第四章串/4.1_1串的定义和基本操作.mp4
[18/08/24 22:13:57] "4.1_2串的存储结构.mp4" | /mnt/study/KY/王道/02.考点精讲【23新版】/01.数据结构/04.第四章串/4.1_2串的存储结构.mp4
[19/08/24 09:18:31] "4.2_1朴素模式匹配算法.mp4" | /mnt/study/KY/王道/02.考点精讲【23新版】/01.数据结构/04.第四章串/4.2_1朴素模式匹配算法.mp4
[19/08/24 10:27:43] "4.2_4KMP算法的进一步优化.mp4" | /mnt/study/KY/王道/02.考点精讲【23新版】/01.数据结构/04.第四章串/4.2_4KMP算法的进一步优化.mp4
[19/08/24 15:24:10] "第07周04--5.2案例引入.mp4" | /mnt/study/IT/CS 四大件/分集_2024-08-14_数据结构与算法基础（青岛大学-王卓）/第07周04--5.2案例引入.mp4
[21/08/24 16:56:10] "【P17】251函数的连续性1.flv" | /mnt/study/Math/高数/【P17】251函数的连续性1.flv
[21/08/24 17:44:15] "【P13】243函数的极限3.flv" | /mnt/study/Math/高数/【P13】243函数的极限3.flv
[22/08/24 08:34:14] "第08周05--5.5遍历二叉树和线索二叉树7--二叉树的遍历算法应用1--建立二叉树算法.mp4" | /mnt/study/IT/CS 四大件/分集_2024-08-14_数据结构与算法基础（青岛大学-王卓）/第08周05--5.5遍历二叉树和线索二叉树7--二叉树的遍历算法应用1--建立二叉树算法.mp4
[22/08/24 11:24:23] "第08周06--5.5遍历二叉树和线索二叉树8--二叉树的遍历算法应用2--复制、求结点数、求叶子结点数.mp4" | /mnt/study/IT/CS 四大件/分集_2024-08-14_数据结构与算法基础（青岛大学-王卓）/第08周06--5.5遍历二叉树和线索二叉树8--二叉树的遍历算法应用2--复制、求结点数、求叶子结点数.mp4
[23/08/24 09:41:17] "第09周02--5.7哈夫曼树及其应用2-5.7.1哈夫曼树的基本概念.mp4" | /mnt/study/IT/CS 四大件/分集_2024-08-14_数据结构与算法基础（青岛大学-王卓）/第09周02--5.7哈夫曼树及其应用2-5.7.1哈夫曼树的基本概念.mp4
[23/08/24 19:43:53] "第09周06--5.7哈夫曼树及其应用6-5.7.3哈夫曼编码2-哈夫曼编码的算法实现.mp4" | /mnt/study/IT/CS 四大件/分集_2024-08-14_数据结构与算法基础（青岛大学-王卓）/第09周06--5.7哈夫曼树及其应用6-5.7.3哈夫曼编码2-哈夫曼编码的算法实现.mp4
[23/08/24 23:16:27] "第09周07--5.7哈夫曼树及其应用7-5.7.3哈夫曼编码3-文件的编码和译码.mp4" | /mnt/study/IT/CS 四大件/分集_2024-08-14_数据结构与算法基础（青岛大学-王卓）/第09周07--5.7哈夫曼树及其应用7-5.7.3哈夫曼编码3-文件的编码和译码.mp4
[04/09/24 13:39:55] "4.2 课后习题 4.14 讲解视频.mp4" | /mnt/study/IT/CS 四大件/分集_2024-09-03_计算机组成原理（哈工大刘宏伟）135讲（全）高清/4.2 课后习题 4.14 讲解视频.mp4
[04/09/24 13:40:08] "4.2 主存储器（下）4.2-i1.mp4" | /mnt/study/IT/CS 四大件/分集_2024-09-03_计算机组成原理（哈工大刘宏伟）135讲（全）高清/4.2 主存储器（下）4.2-i1.mp4
[04/09/24 13:40:28] "4.2 主存储器（下）4.2-i3.mp4" | /mnt/study/IT/CS 四大件/分集_2024-09-03_计算机组成原理（哈工大刘宏伟）135讲（全）高清/4.2 主存储器（下）4.2-i3.mp4
[04/09/24 14:09:43] "4.3 高速缓冲存储器4.3-a1.mp4" | /mnt/study/IT/CS 四大件/分集_2024-09-03_计算机组成原理（哈工大刘宏伟）135讲（全）高清/4.3 高速缓冲存储器4.3-a1.mp4
[05/09/24 01:16:22] "5.1 概述 5.1-a1.mp4" | /mnt/study/IT/CS 四大件/分集_2024-09-03_计算机组成原理（哈工大刘宏伟）135讲（全）高清/5.1 概述 5.1-a1.mp4
[06/09/24 13:15:23] "6.1无符号数和有符号数6.1-a1.mp4" | /mnt/study/IT/CS 四大件/分集_2024-09-03_计算机组成原理（哈工大刘宏伟）135讲（全）高清/6.1无符号数和有符号数6.1-a1.mp4
[06/09/24 15:15:20] "6.1无符号数和有符号数6.1-b1.mp4" | /mnt/study/IT/CS 四大件/分集_2024-09-03_计算机组成原理（哈工大刘宏伟）135讲（全）高清/6.1无符号数和有符号数6.1-b1.mp4
[06/09/24 17:50:20] "6.2 课后习题 6.16 视频讲解.mp4" | /mnt/study/IT/CS 四大件/分集_2024-09-03_计算机组成原理（哈工大刘宏伟）135讲（全）高清/6.2 课后习题 6.16 视频讲解.mp4
[06/09/24 21:07:39] "6.3 定点运算（上）6.3-a1.mp4" | /mnt/study/IT/CS 四大件/分集_2024-09-03_计算机组成原理（哈工大刘宏伟）135讲（全）高清/6.3 定点运算（上）6.3-a1.mp4
[07/09/24 08:43:57] "6.3 定点运算（上）6.3-c1.mp4" | /mnt/study/IT/CS 四大件/分集_2024-09-03_计算机组成原理（哈工大刘宏伟）135讲（全）高清/6.3 定点运算（上）6.3-c1.mp4
[07/09/24 09:59:37] "6.3 定点运算（下）6.3-d3.mp4" | /mnt/study/IT/CS 四大件/分集_2024-09-03_计算机组成原理（哈工大刘宏伟）135讲（全）高清/6.3 定点运算（下）6.3-d3.mp4
[07/09/24 21:30:29] "6.5 算术逻辑单元 6.5-b.mp4" | /mnt/study/IT/CS 四大件/分集_2024-09-03_计算机组成原理（哈工大刘宏伟）135讲（全）高清/6.5 算术逻辑单元 6.5-b.mp4
[08/09/24 01:19:13] "6.3 定点运算（上）6.3-b2.mp4" | /mnt/study/IT/CS 四大件/分集_2024-09-03_计算机组成原理（哈工大刘宏伟）135讲（全）高清/6.3 定点运算（上）6.3-b2.mp4
[08/09/24 01:19:15] "7.1 机器指令 7.1-a.mp4" | /mnt/study/IT/CS 四大件/分集_2024-09-03_计算机组成原理（哈工大刘宏伟）135讲（全）高清/7.1 机器指令 7.1-a.mp4
[09/09/24 09:52:39] "7.4 课后习题 7.19 讲解视频.mp4" | /mnt/study/IT/CS 四大件/分集_2024-09-03_计算机组成原理（哈工大刘宏伟）135讲（全）高清/7.4 课后习题 7.19 讲解视频.mp4
[09/09/24 11:27:39] "8.3 指令流水 8.3.1-c.mp4" | /mnt/study/IT/CS 四大件/分集_2024-09-03_计算机组成原理（哈工大刘宏伟）135讲（全）高清/8.3 指令流水 8.3.1-c.mp4
[09/09/24 16:40:07] "03-守护进程介绍_.avi" | /home/edward/Desktop/linux C/LinuxSysDay08/linux系统编程/视频/03-守护进程介绍_.avi
[09/09/24 17:33:51] "07-创建守护进程的代码实现_.avi" | /home/edward/Desktop/linux C/LinuxSysDay08/linux系统编程/视频/07-创建守护进程的代码实现_.avi
[09/09/24 17:39:00] "08-线程介绍_.avi" | /home/edward/Desktop/linux C/LinuxSysDay08/linux系统编程/视频/08-线程介绍_.avi
[09/09/24 19:55:06] "16-在创建子线程的时候设置线程为分离属性_.avi" | /home/edward/Desktop/linux C/LinuxSysDay08/linux系统编程/视频/16-在创建子线程的时候设置线程为分离属性_.avi
[09/09/24 20:00:46] "18-线程同步--数数问题分析及解决方案_.avi" | /home/edward/Desktop/linux C/LinuxSysDay08/linux系统编程/视频/18-线程同步--数数问题分析及解决方案_.avi
[10/09/24 15:25:32] "第10周05--6.4图的存储结构5-6.4.2邻接表表示法1-无向图的邻接表.mp4" | /mnt/study/IT/CS 四大件/分集_2024-08-14_数据结构与算法基础（青岛大学-王卓）/第10周05--6.4图的存储结构5-6.4.2邻接表表示法1-无向图的邻接表.mp4
[10/09/24 15:25:33] "第10周06--6.4图的存储结构6-6.4.2邻接表表示法2-有向图的邻接表.mp4" | /mnt/study/IT/CS 四大件/分集_2024-08-14_数据结构与算法基础（青岛大学-王卓）/第10周06--6.4图的存储结构6-6.4.2邻接表表示法2-有向图的邻接表.mp4
[10/09/24 15:25:34] "第10周07--6.4图的存储结构7-6.4.2邻接表表示法3-建立邻接表的算法.mp4" | /mnt/study/IT/CS 四大件/分集_2024-08-14_数据结构与算法基础（青岛大学-王卓）/第10周07--6.4图的存储结构7-6.4.2邻接表表示法3-建立邻接表的算法.mp4
[10/09/24 15:50:51] "第10周10--6.4图的存储结构10-6.4.4邻接多重表.mp4" | /mnt/study/IT/CS 四大件/分集_2024-08-14_数据结构与算法基础（青岛大学-王卓）/第10周10--6.4图的存储结构10-6.4.4邻接多重表.mp4
[10/09/24 16:03:41] "第10周09--6.4图的存储结构9-6.4.3十字链表.mp4" | /mnt/study/IT/CS 四大件/分集_2024-08-14_数据结构与算法基础（青岛大学-王卓）/第10周09--6.4图的存储结构9-6.4.3十字链表.mp4
